<?xml version="1.0" encoding="UTF-8"?>
<testng-results skipped="0" failed="0" ignored="0" total="2" passed="2">
  <reporter-output>
  </reporter-output>
  <suite name="Default suite" duration-ms="31974" started-at="2021-08-31T07:45:36Z" finished-at="2021-08-31T07:46:08Z">
    <groups>
    </groups>
    <test name="Default test" duration-ms="31974" started-at="2021-08-31T07:45:36Z" finished-at="2021-08-31T07:46:08Z">
      <class name="com.tests.ThriveTest">
        <test-method status="PASS" signature="initialization()[pri:0, instance:com.tests.ThriveTest@4b5a5ed1]" name="initialization" is-config="true" duration-ms="7938" started-at="2021-08-31T07:45:36Z" finished-at="2021-08-31T07:45:44Z">
          <reporter-output>
          </reporter-output>
        </test-method> <!-- initialization -->
        <test-method status="PASS" signature="unsuccessful_Login()[pri:0, instance:com.tests.ThriveTest@4b5a5ed1]" name="unsuccessful_Login" duration-ms="7050" started-at="2021-08-31T07:45:44Z" finished-at="2021-08-31T07:45:51Z">
          <reporter-output>
          </reporter-output>
        </test-method> <!-- unsuccessful_Login -->
        <test-method status="PASS" signature="initialization()[pri:0, instance:com.tests.ThriveTest@4b5a5ed1]" name="initialization" is-config="true" duration-ms="9135" started-at="2021-08-31T07:45:51Z" finished-at="2021-08-31T07:46:00Z">
          <reporter-output>
          </reporter-output>
        </test-method> <!-- initialization -->
        <test-method status="PASS" signature="successful_Login()[pri:1, instance:com.tests.ThriveTest@4b5a5ed1]" name="successful_Login" duration-ms="7821" started-at="2021-08-31T07:46:00Z" finished-at="2021-08-31T07:46:08Z">
          <reporter-output>
          </reporter-output>
        </test-method> <!-- successful_Login -->
      </class> <!-- com.tests.ThriveTest -->
    </test> <!-- Default test -->
  </suite> <!-- Default suite -->
</testng-results>
